<?xml version="1.0" encoding="UTF-8"?>
<!-- Generated by org.testng.reporters.JUnitXMLReporter -->
<testsuite ignored="1" hostname="Devadirajan" failures="0" tests="4" name="Default test(failed)" time="57.641" errors="0" timestamp="2025-06-01T14:14:58 IST">
  <testcase classname="FrameWorkTraining.Tests.SubmitOrderTest" name="Submit_Order" time="6.225"/>
  <testcase classname="FrameWorkTraining.Tests.SubmitOrderTest" name="Submit_Order" time="5.785"/>
  <testcase classname="FrameWorkTraining.Tests.SubmitOrderTest" name="Submit_Order" time="5.902"/>
  <testcase classname="FrameWorkTraining.Tests.SubmitOrderTest" name="orderHistoryTest" time="1.044"/>
  <testcase classname="FrameWorkTraining.Tests.SubmitOrderTest" name="Submit1_Order" time="0.0">
    <ignored/>
  </testcase> <!-- Submit1_Order -->
</testsuite> <!-- Default test(failed) -->
