<?xml version="1.0" encoding="UTF-8"?>
<!-- Generated by org.testng.reporters.JUnitXMLReporter -->
<testsuite ignored="0" hostname="Devadirajan" failures="0" tests="6" name="Default test" time="82.132" errors="0" timestamp="2025-07-02T16:59:51 IST">
  <testcase classname="FrameWorkTraining.Tests.SubmitOrderTest" name="Submit1_Order" time="5.6"/>
  <testcase classname="FrameWorkTraining.Tests.SubmitOrderTest" name="Submit_Order" time="5.473"/>
  <testcase classname="FrameWorkTraining.Tests.SubmitOrderTest" name="Submit_Order" time="5.456"/>
  <testcase classname="FrameWorkTraining.Tests.SubmitOrderTest" name="Submit_Order" time="5.365"/>
  <testcase classname="FrameWorkTraining.Tests.SubmitOrderTest" name="Submit_Order" time="5.445"/>
  <testcase classname="FrameWorkTraining.Tests.SubmitOrderTest" name="orderHistoryTest" time="0.909"/>
</testsuite> <!-- Default test -->
