<?xml version="1.0" encoding="UTF-8"?>
<testng-results ignored="0" total="6" passed="6" failed="0" skipped="0">
  <reporter-output>
  </reporter-output>
  <suite started-at="2025-07-02T16:58:29 IST" name="Default suite" finished-at="2025-07-02T16:59:51 IST" duration-ms="82132">
    <groups>
      <group name="purchase">
        <method signature="SubmitOrderTest.Submit1_Order()[pri:0, instance:FrameWorkTraining.Tests.SubmitOrderTest@2cd76f31]" name="Submit1_Order" class="FrameWorkTraining.Tests.SubmitOrderTest"/>
        <method signature="SubmitOrderTest.Submit_Order(java.util.HashMap)[pri:0, instance:FrameWorkTraining.Tests.SubmitOrderTest@2cd76f31]" name="Submit_Order" class="FrameWorkTraining.Tests.SubmitOrderTest"/>
      </group> <!-- purchase -->
    </groups>
    <test started-at="2025-07-02T16:58:29 IST" name="Default test" finished-at="2025-07-02T16:59:51 IST" duration-ms="82132">
      <class name="FrameWorkTraining.Tests.SubmitOrderTest">
        <test-method is-config="true" signature="loginApplication()[pri:0, instance:FrameWorkTraining.Tests.SubmitOrderTest@2cd76f31]" started-at="2025-07-02T16:58:29 IST" name="loginApplication" finished-at="2025-07-02T16:58:36 IST" duration-ms="7283" status="PASS">
          <reporter-output>
          </reporter-output>
        </test-method> <!-- loginApplication -->
        <test-method signature="Submit1_Order()[pri:0, instance:FrameWorkTraining.Tests.SubmitOrderTest@2cd76f31]" started-at="2025-07-02T16:58:36 IST" name="Submit1_Order" finished-at="2025-07-02T16:58:41 IST" duration-ms="5600" status="PASS">
          <reporter-output>
          </reporter-output>
        </test-method> <!-- Submit1_Order -->
        <test-method is-config="true" signature="teardown()[pri:0, instance:FrameWorkTraining.Tests.SubmitOrderTest@2cd76f31]" started-at="2025-07-02T16:58:41 IST" name="teardown" finished-at="2025-07-02T16:58:47 IST" duration-ms="5906" status="PASS">
          <reporter-output>
          </reporter-output>
        </test-method> <!-- teardown -->
        <test-method is-config="true" signature="loginApplication()[pri:0, instance:FrameWorkTraining.Tests.SubmitOrderTest@2cd76f31]" started-at="2025-07-02T16:58:48 IST" name="loginApplication" finished-at="2025-07-02T16:58:50 IST" duration-ms="2089" status="PASS">
          <reporter-output>
          </reporter-output>
        </test-method> <!-- loginApplication -->
        <test-method signature="Submit_Order(java.util.HashMap)[pri:0, instance:FrameWorkTraining.Tests.SubmitOrderTest@2cd76f31]" started-at="2025-07-02T16:58:50 IST" name="Submit_Order" data-provider="getData" finished-at="2025-07-02T16:58:56 IST" duration-ms="5473" status="PASS">
          <params>
            <param index="0">
              <value>
                <![CDATA[{user=train@shetty.com, password=Welcome@123, Productname=ZARA COAT 3}]]>
              </value>
            </param>
          </params>
          <reporter-output>
          </reporter-output>
        </test-method> <!-- Submit_Order -->
        <test-method is-config="true" signature="teardown()[pri:0, instance:FrameWorkTraining.Tests.SubmitOrderTest@2cd76f31]" started-at="2025-07-02T16:58:56 IST" name="teardown" finished-at="2025-07-02T16:59:02 IST" duration-ms="6111" status="PASS">
          <reporter-output>
          </reporter-output>
        </test-method> <!-- teardown -->
        <test-method is-config="true" signature="loginApplication()[pri:0, instance:FrameWorkTraining.Tests.SubmitOrderTest@2cd76f31]" started-at="2025-07-02T16:59:02 IST" name="loginApplication" finished-at="2025-07-02T16:59:04 IST" duration-ms="1935" status="PASS">
          <reporter-output>
          </reporter-output>
        </test-method> <!-- loginApplication -->
        <test-method signature="Submit_Order(java.util.HashMap)[pri:0, instance:FrameWorkTraining.Tests.SubmitOrderTest@2cd76f31]" started-at="2025-07-02T16:59:04 IST" name="Submit_Order" data-provider="getData" finished-at="2025-07-02T16:59:09 IST" duration-ms="5456" status="PASS">
          <params>
            <param index="0">
              <value>
                <![CDATA[{user=train@shetty.com, password=Welcome@123, Productname=ADIDAS ORIGINAL}]]>
              </value>
            </param>
          </params>
          <reporter-output>
          </reporter-output>
        </test-method> <!-- Submit_Order -->
        <test-method is-config="true" signature="teardown()[pri:0, instance:FrameWorkTraining.Tests.SubmitOrderTest@2cd76f31]" started-at="2025-07-02T16:59:09 IST" name="teardown" finished-at="2025-07-02T16:59:15 IST" duration-ms="5294" status="PASS">
          <reporter-output>
          </reporter-output>
        </test-method> <!-- teardown -->
        <test-method is-config="true" signature="loginApplication()[pri:0, instance:FrameWorkTraining.Tests.SubmitOrderTest@2cd76f31]" started-at="2025-07-02T16:59:15 IST" name="loginApplication" finished-at="2025-07-02T16:59:17 IST" duration-ms="2074" status="PASS">
          <reporter-output>
          </reporter-output>
        </test-method> <!-- loginApplication -->
        <test-method signature="Submit_Order(java.util.HashMap)[pri:0, instance:FrameWorkTraining.Tests.SubmitOrderTest@2cd76f31]" started-at="2025-07-02T16:59:17 IST" name="Submit_Order" data-provider="getData" finished-at="2025-07-02T16:59:22 IST" duration-ms="5365" status="PASS">
          <params>
            <param index="0">
              <value>
                <![CDATA[{user=train@shetty.com, password=Welcome@123, Productname=IPHONE 13 PRO}]]>
              </value>
            </param>
          </params>
          <reporter-output>
          </reporter-output>
        </test-method> <!-- Submit_Order -->
        <test-method is-config="true" signature="teardown()[pri:0, instance:FrameWorkTraining.Tests.SubmitOrderTest@2cd76f31]" started-at="2025-07-02T16:59:22 IST" name="teardown" finished-at="2025-07-02T16:59:29 IST" duration-ms="6834" status="PASS">
          <reporter-output>
          </reporter-output>
        </test-method> <!-- teardown -->
        <test-method is-config="true" signature="loginApplication()[pri:0, instance:FrameWorkTraining.Tests.SubmitOrderTest@2cd76f31]" started-at="2025-07-02T16:59:29 IST" name="loginApplication" finished-at="2025-07-02T16:59:31 IST" duration-ms="1805" status="PASS">
          <reporter-output>
          </reporter-output>
        </test-method> <!-- loginApplication -->
        <test-method signature="Submit_Order(java.util.HashMap)[pri:0, instance:FrameWorkTraining.Tests.SubmitOrderTest@2cd76f31]" started-at="2025-07-02T16:59:31 IST" name="Submit_Order" data-provider="getData" finished-at="2025-07-02T16:59:36 IST" duration-ms="5445" status="PASS">
          <params>
            <param index="0">
              <value>
                <![CDATA[{user=train@shetty.com, password=Welcome@123, Productname=IPHONE 13 PRO}]]>
              </value>
            </param>
          </params>
          <reporter-output>
          </reporter-output>
        </test-method> <!-- Submit_Order -->
        <test-method is-config="true" signature="teardown()[pri:0, instance:FrameWorkTraining.Tests.SubmitOrderTest@2cd76f31]" started-at="2025-07-02T16:59:36 IST" name="teardown" finished-at="2025-07-02T16:59:41 IST" duration-ms="5276" status="PASS">
          <reporter-output>
          </reporter-output>
        </test-method> <!-- teardown -->
        <test-method is-config="true" signature="loginApplication()[pri:0, instance:FrameWorkTraining.Tests.SubmitOrderTest@2cd76f31]" started-at="2025-07-02T16:59:41 IST" name="loginApplication" finished-at="2025-07-02T16:59:44 IST" duration-ms="3023" status="PASS">
          <reporter-output>
          </reporter-output>
        </test-method> <!-- loginApplication -->
        <test-method signature="orderHistoryTest()[pri:0, instance:FrameWorkTraining.Tests.SubmitOrderTest@2cd76f31]" started-at="2025-07-02T16:59:44 IST" name="orderHistoryTest" finished-at="2025-07-02T16:59:45 IST" depends-on-methods="FrameWorkTraining.Tests.SubmitOrderTest.Submit_Order" duration-ms="909" status="PASS">
          <reporter-output>
          </reporter-output>
        </test-method> <!-- orderHistoryTest -->
        <test-method is-config="true" signature="teardown()[pri:0, instance:FrameWorkTraining.Tests.SubmitOrderTest@2cd76f31]" started-at="2025-07-02T16:59:45 IST" name="teardown" finished-at="2025-07-02T16:59:51 IST" duration-ms="5295" status="PASS">
          <reporter-output>
          </reporter-output>
        </test-method> <!-- teardown -->
      </class> <!-- FrameWorkTraining.Tests.SubmitOrderTest -->
    </test> <!-- Default test -->
  </suite> <!-- Default suite -->
</testng-results>
